<?xml version="1.0" encoding="UTF-8"?>
<testng-results ignored="0" total="0" passed="0" failed="0" skipped="0">
  <reporter-output>
  </reporter-output>
  <suite started-at="2023-09-21T14:54:31 IST" name="My_Suite" finished-at="2023-09-21T14:54:31 IST" duration-ms="17">
    <groups>
    </groups>
    <test started-at="2023-09-21T14:54:31 IST" name="ChromeBrowserTest" finished-at="2023-09-21T14:54:31 IST" duration-ms="17">
    </test> <!-- ChromeBrowserTest -->
  </suite> <!-- My_Suite -->
</testng-results>
